<?xml version="1.0" encoding="UTF-8"?>
<!-- Generated by org.testng.reporters.JUnitXMLReporter -->
<testsuite ignored="0" hostname="Xiaoyans-MacBook-Pro.local" failures="1" tests="1" name="ForgotPassword" time="4.052" errors="0" timestamp="2020-09-28T23:02:14 PDT">
  <testcase classname="com.ta.testNG.ForgotPassword" name="forgotPassword" time="0.002">
    <failure type="java.lang.NullPointerException">
      <![CDATA[java.lang.NullPointerException
at com.ta.pageObject.POForgotPassword.resetPassword(POForgotPassword.java:25)
at com.ta.testNG.ForgotPassword.forgotPassword(ForgotPassword.java:16)
at java.base/java.util.ArrayList.forEach(ArrayList.java:1540)
... Removed 27 stack frames]]>
    </failure>
  </testcase> <!-- forgotPassword -->
</testsuite> <!-- ForgotPassword -->
