<?xml version="1.0" encoding="UTF-8"?>
<!-- Generated by org.testng.reporters.JUnitXMLReporter -->
<testsuite ignored="1" hostname="Xiaoyans-MacBook-Pro.local" failures="0" tests="1" name="Login" time="13.241" errors="0" timestamp="2020-09-28T23:02:10 PDT">
  <testcase classname="com.ta.testNG.LoginToXero" name="loginToWebsite" time="7.788"/>
  <testcase classname="com.ta.testNG.LoginToXero" name="loginToWebsiteWithTestData" time="0.0">
    <ignored/>
  </testcase> <!-- loginToWebsiteWithTestData -->
</testsuite> <!-- Login -->
