<?xml version="1.0" encoding="UTF-8"?>
<testng-results ignored="0" total="1" passed="1" failed="0" skipped="0">
  <reporter-output>
  </reporter-output>
  <suite started-at="2020-09-29T17:27:04 PDT" name="Default suite" finished-at="2020-09-29T17:27:13 PDT" duration-ms="9308">
    <groups>
    </groups>
    <test started-at="2020-09-29T17:27:04 PDT" name="Default test" finished-at="2020-09-29T17:27:13 PDT" duration-ms="9308">
      <class name="com.ta.testNG.LogoutXero">
        <test-method is-config="true" signature="launchingTheBrowser()[pri:0, instance:com.ta.testNG.LogoutXero@46fa7c39]" started-at="2020-09-29T17:27:02 PDT" name="launchingTheBrowser" finished-at="2020-09-29T17:27:04 PDT" duration-ms="1748" status="PASS">
          <reporter-output>
          </reporter-output>
        </test-method> <!-- launchingTheBrowser -->
        <test-method signature="logoutXero()[pri:0, instance:com.ta.testNG.LogoutXero@46fa7c39]" started-at="2020-09-29T17:27:04 PDT" name="logoutXero" finished-at="2020-09-29T17:27:13 PDT" duration-ms="9288" status="PASS">
          <reporter-output>
          </reporter-output>
        </test-method> <!-- logoutXero -->
        <test-method is-config="true" signature="closingTest()[pri:0, instance:com.ta.testNG.LogoutXero@46fa7c39]" started-at="2020-09-29T17:27:13 PDT" name="closingTest" finished-at="2020-09-29T17:27:14 PDT" duration-ms="111" status="PASS">
          <reporter-output>
          </reporter-output>
        </test-method> <!-- closingTest -->
      </class> <!-- com.ta.testNG.LogoutXero -->
    </test> <!-- Default test -->
  </suite> <!-- Default suite -->
</testng-results>
